<?xml version="1.0" encoding="UTF-8"?>
<!-- Generated by org.testng.reporters.JUnitReportReporter -->
<testsuite skipped="0" hostname="Naresh" name="com.webapp.NewTest1" tests="1" failures="0" timestamp="07 May 2020 02:54:48 GMT" time="5.617" errors="0">
  <testcase name="gmail" time="5.617" classname="com.webapp.NewTest1"/>
</testsuite> <!-- com.webapp.NewTest1 -->
